This file contains any messages produced by compilers while
running configure, to aid debugging if configure makes a mistake.

It was created by dingo configure 0.5.1, which was
generated by GNU Autoconf 2.69.  Invocation command line was

  $ ./configure 

## --------- ##
## Platform. ##
## --------- ##

hostname = phongvcao-N53SV
uname -m = x86_64
uname -r = 3.5.0-22-generic
uname -s = Linux
uname -v = #34-Ubuntu SMP Tue Jan 8 21:47:00 UTC 2013

/usr/bin/uname -p = unknown
/bin/uname -X     = unknown

/bin/arch              = unknown
/usr/bin/arch -k       = unknown
/usr/convex/getsysinfo = unknown
/usr/bin/hostinfo      = unknown
/bin/machine           = unknown
/usr/bin/oslevel       = unknown
/bin/universe          = unknown

PATH: /usr/lib/lightdm/lightdm
PATH: /usr/local/sbin
PATH: /usr/local/bin
PATH: /usr/sbin
PATH: /usr/bin
PATH: /sbin
PATH: /bin
PATH: /usr/games
PATH: /usr/local/games


## ----------- ##
## Core tests. ##
## ----------- ##

configure:2451: checking for a BSD-compatible install
configure:2519: result: /usr/bin/install -c
configure:2530: checking whether build environment is sane
configure:2580: result: yes
configure:2721: checking for a thread-safe mkdir -p
configure:2760: result: /bin/mkdir -p
configure:2773: checking for gawk
configure:2803: result: no
configure:2773: checking for mawk
configure:2789: found /usr/bin/mawk
configure:2800: result: mawk
configure:2811: checking whether make sets $(MAKE)
configure:2833: result: yes
configure:3014: checking for g++
configure:3030: found /usr/bin/g++
configure:3041: result: g++
configure:3068: checking for C++ compiler version
configure:3077: g++ --version >&5
g++ (Ubuntu/Linaro 4.7.2-2ubuntu1) 4.7.2
Copyright (C) 2012 Free Software Foundation, Inc.
This is free software; see the source for copying conditions.  There is NO
warranty; not even for MERCHANTABILITY or FITNESS FOR A PARTICULAR PURPOSE.

configure:3088: $? = 0
configure:3077: g++ -v >&5
Using built-in specs.
COLLECT_GCC=g++
COLLECT_LTO_WRAPPER=/usr/lib/gcc/x86_64-linux-gnu/4.7/lto-wrapper
Target: x86_64-linux-gnu
Configured with: ../src/configure -v --with-pkgversion='Ubuntu/Linaro 4.7.2-2ubuntu1' --with-bugurl=file:///usr/share/doc/gcc-4.7/README.Bugs --enable-languages=c,c++,go,fortran,objc,obj-c++ --prefix=/usr --program-suffix=-4.7 --enable-shared --enable-linker-build-id --with-system-zlib --libexecdir=/usr/lib --without-included-gettext --enable-threads=posix --with-gxx-include-dir=/usr/include/c++/4.7 --libdir=/usr/lib --enable-nls --with-sysroot=/ --enable-clocale=gnu --enable-libstdcxx-debug --enable-libstdcxx-time=yes --enable-gnu-unique-object --enable-plugin --enable-objc-gc --disable-werror --with-arch-32=i686 --with-tune=generic --enable-checking=release --build=x86_64-linux-gnu --host=x86_64-linux-gnu --target=x86_64-linux-gnu
Thread model: posix
gcc version 4.7.2 (Ubuntu/Linaro 4.7.2-2ubuntu1) 
configure:3088: $? = 0
configure:3077: g++ -V >&5
g++: error: unrecognized command line option '-V'
g++: fatal error: no input files
compilation terminated.
configure:3088: $? = 4
configure:3077: g++ -qversion >&5
g++: error: unrecognized command line option '-qversion'
g++: fatal error: no input files
compilation terminated.
configure:3088: $? = 4
configure:3108: checking whether the C++ compiler works
configure:3130: g++    conftest.cpp  >&5
configure:3134: $? = 0
configure:3182: result: yes
configure:3185: checking for C++ compiler default output file name
configure:3187: result: a.out
configure:3193: checking for suffix of executables
configure:3200: g++ -o conftest    conftest.cpp  >&5
configure:3204: $? = 0
configure:3226: result: 
configure:3248: checking whether we are cross compiling
configure:3256: g++ -o conftest    conftest.cpp  >&5
configure:3260: $? = 0
configure:3267: ./conftest
configure:3271: $? = 0
configure:3286: result: no
configure:3291: checking for suffix of object files
configure:3313: g++ -c   conftest.cpp >&5
configure:3317: $? = 0
configure:3338: result: o
configure:3342: checking whether we are using the GNU C++ compiler
configure:3361: g++ -c   conftest.cpp >&5
configure:3361: $? = 0
configure:3370: result: yes
configure:3379: checking whether g++ accepts -g
configure:3399: g++ -c -g  conftest.cpp >&5
configure:3399: $? = 0
configure:3440: result: yes
configure:3474: checking for style of include used by make
configure:3502: result: GNU
configure:3528: checking dependency style of g++
configure:3639: result: gcc3
configure:3657: checking whether NLS is requested
configure:3666: result: yes
configure:3718: checking for gcc
configure:3734: found /usr/bin/gcc
configure:3745: result: gcc
configure:3974: checking for C compiler version
configure:3983: gcc --version >&5
gcc (Ubuntu/Linaro 4.7.2-2ubuntu1) 4.7.2
Copyright (C) 2012 Free Software Foundation, Inc.
This is free software; see the source for copying conditions.  There is NO
warranty; not even for MERCHANTABILITY or FITNESS FOR A PARTICULAR PURPOSE.

configure:3994: $? = 0
configure:3983: gcc -v >&5
Using built-in specs.
COLLECT_GCC=gcc
COLLECT_LTO_WRAPPER=/usr/lib/gcc/x86_64-linux-gnu/4.7/lto-wrapper
Target: x86_64-linux-gnu
Configured with: ../src/configure -v --with-pkgversion='Ubuntu/Linaro 4.7.2-2ubuntu1' --with-bugurl=file:///usr/share/doc/gcc-4.7/README.Bugs --enable-languages=c,c++,go,fortran,objc,obj-c++ --prefix=/usr --program-suffix=-4.7 --enable-shared --enable-linker-build-id --with-system-zlib --libexecdir=/usr/lib --without-included-gettext --enable-threads=posix --with-gxx-include-dir=/usr/include/c++/4.7 --libdir=/usr/lib --enable-nls --with-sysroot=/ --enable-clocale=gnu --enable-libstdcxx-debug --enable-libstdcxx-time=yes --enable-gnu-unique-object --enable-plugin --enable-objc-gc --disable-werror --with-arch-32=i686 --with-tune=generic --enable-checking=release --build=x86_64-linux-gnu --host=x86_64-linux-gnu --target=x86_64-linux-gnu
Thread model: posix
gcc version 4.7.2 (Ubuntu/Linaro 4.7.2-2ubuntu1) 
configure:3994: $? = 0
configure:3983: gcc -V >&5
gcc: error: unrecognized command line option '-V'
gcc: fatal error: no input files
compilation terminated.
configure:3994: $? = 4
configure:3983: gcc -qversion >&5
gcc: error: unrecognized command line option '-qversion'
gcc: fatal error: no input files
compilation terminated.
configure:3994: $? = 4
configure:3998: checking whether we are using the GNU C compiler
configure:4017: gcc -c   conftest.c >&5
configure:4017: $? = 0
configure:4026: result: yes
configure:4035: checking whether gcc accepts -g
configure:4055: gcc -c -g  conftest.c >&5
configure:4055: $? = 0
configure:4096: result: yes
configure:4113: checking for gcc option to accept ISO C89
configure:4176: gcc  -c -g -O2  conftest.c >&5
configure:4176: $? = 0
configure:4189: result: none needed
configure:4211: checking dependency style of gcc
configure:4322: result: gcc3
configure:4352: checking for intltool >= 0.35.0
configure:4354: result: 0.50.2 found
configure:4362: checking for intltool-update
configure:4380: found /usr/bin/intltool-update
configure:4392: result: /usr/bin/intltool-update
configure:4402: checking for intltool-merge
configure:4420: found /usr/bin/intltool-merge
configure:4432: result: /usr/bin/intltool-merge
configure:4442: checking for intltool-extract
configure:4460: found /usr/bin/intltool-extract
configure:4472: result: /usr/bin/intltool-extract
configure:4626: checking for xgettext
configure:4644: found /usr/bin/xgettext
configure:4656: result: /usr/bin/xgettext
configure:4666: checking for msgmerge
configure:4684: found /usr/bin/msgmerge
configure:4696: result: /usr/bin/msgmerge
configure:4706: checking for msgfmt
configure:4724: found /usr/bin/msgfmt
configure:4736: result: /usr/bin/msgfmt
configure:4746: checking for gmsgfmt
configure:4777: result: /usr/bin/msgfmt
configure:4797: checking for perl
configure:4815: found /usr/bin/perl
configure:4827: result: /usr/bin/perl
configure:4838: checking for perl >= 5.8.1
configure:4845: result: 5.14.2
configure:4849: checking for XML::Parser
configure:4852: result: ok
configure:4877: gcc -o conftest -g -O2   conftest.c  >&5
configure:4877: $? = 0
configure:4971: checking for pkg-config
configure:4989: found /usr/bin/pkg-config
configure:5001: result: /usr/bin/pkg-config
configure:5026: checking pkg-config is at least version 0.25
configure:5029: result: yes
configure:5086: checking for boostlib >= 1.48
configure:5155: g++ -c -g -O2  -I/usr/include conftest.cpp >&5
configure:5155: $? = 0
configure:5157: result: yes
configure:5305: checking for DEPENDENCIES
configure:5312: $PKG_CONFIG --exists --print-errors "gtkmm-3.0 gstreamermm-0.10 libxml++-2.6 libmediainfo sqlite3 libnotify"
configure:5315: $? = 0
configure:5329: $PKG_CONFIG --exists --print-errors "gtkmm-3.0 gstreamermm-0.10 libxml++-2.6 libmediainfo sqlite3 libnotify"
configure:5332: $? = 0
configure:5390: result: yes
configure:5400: checking how to run the C preprocessor
configure:5431: gcc -E  conftest.c
configure:5431: $? = 0
configure:5445: gcc -E  conftest.c
conftest.c:13:28: fatal error: ac_nonexistent.h: No such file or directory
compilation terminated.
configure:5445: $? = 1
configure: failed program was:
| /* confdefs.h */
| #define PACKAGE_NAME "dingo"
| #define PACKAGE_TARNAME "dingo"
| #define PACKAGE_VERSION "0.5.1"
| #define PACKAGE_STRING "dingo 0.5.1"
| #define PACKAGE_BUGREPORT "http://dingo-project.org/contribute/file-bugs"
| #define PACKAGE_URL ""
| #define PACKAGE "dingo"
| #define VERSION "0.5.1"
| #define GETTEXT_PACKAGE "dingo"
| #define HAVE_BOOST /**/
| /* end confdefs.h.  */
| #include <ac_nonexistent.h>
configure:5470: result: gcc -E
configure:5490: gcc -E  conftest.c
configure:5490: $? = 0
configure:5504: gcc -E  conftest.c
conftest.c:13:28: fatal error: ac_nonexistent.h: No such file or directory
compilation terminated.
configure:5504: $? = 1
configure: failed program was:
| /* confdefs.h */
| #define PACKAGE_NAME "dingo"
| #define PACKAGE_TARNAME "dingo"
| #define PACKAGE_VERSION "0.5.1"
| #define PACKAGE_STRING "dingo 0.5.1"
| #define PACKAGE_BUGREPORT "http://dingo-project.org/contribute/file-bugs"
| #define PACKAGE_URL ""
| #define PACKAGE "dingo"
| #define VERSION "0.5.1"
| #define GETTEXT_PACKAGE "dingo"
| #define HAVE_BOOST /**/
| /* end confdefs.h.  */
| #include <ac_nonexistent.h>
configure:5533: checking for grep that handles long lines and -e
configure:5591: result: /bin/grep
configure:5596: checking for egrep
configure:5658: result: /bin/grep -E
configure:5663: checking for ANSI C header files
configure:5683: gcc -c -g -O2  conftest.c >&5
configure:5683: $? = 0
configure:5756: gcc -o conftest -g -O2   conftest.c  >&5
configure:5756: $? = 0
configure:5756: ./conftest
configure:5756: $? = 0
configure:5767: result: yes
configure:5780: checking for sys/types.h
configure:5780: gcc -c -g -O2  conftest.c >&5
configure:5780: $? = 0
configure:5780: result: yes
configure:5780: checking for sys/stat.h
configure:5780: gcc -c -g -O2  conftest.c >&5
configure:5780: $? = 0
configure:5780: result: yes
configure:5780: checking for stdlib.h
configure:5780: gcc -c -g -O2  conftest.c >&5
configure:5780: $? = 0
configure:5780: result: yes
configure:5780: checking for string.h
configure:5780: gcc -c -g -O2  conftest.c >&5
configure:5780: $? = 0
configure:5780: result: yes
configure:5780: checking for memory.h
configure:5780: gcc -c -g -O2  conftest.c >&5
configure:5780: $? = 0
configure:5780: result: yes
configure:5780: checking for strings.h
configure:5780: gcc -c -g -O2  conftest.c >&5
configure:5780: $? = 0
configure:5780: result: yes
configure:5780: checking for inttypes.h
configure:5780: gcc -c -g -O2  conftest.c >&5
configure:5780: $? = 0
configure:5780: result: yes
configure:5780: checking for stdint.h
configure:5780: gcc -c -g -O2  conftest.c >&5
configure:5780: $? = 0
configure:5780: result: yes
configure:5780: checking for unistd.h
configure:5780: gcc -c -g -O2  conftest.c >&5
configure:5780: $? = 0
configure:5780: result: yes
configure:5795: checking locale.h usability
configure:5795: gcc -c -g -O2  conftest.c >&5
configure:5795: $? = 0
configure:5795: result: yes
configure:5795: checking locale.h presence
configure:5795: gcc -E  conftest.c
configure:5795: $? = 0
configure:5795: result: yes
configure:5795: checking for locale.h
configure:5795: result: yes
configure:5806: checking for LC_MESSAGES
configure:5822: gcc -o conftest -g -O2   conftest.c  >&5
configure:5822: $? = 0
configure:5830: result: yes
configure:5847: checking libintl.h usability
configure:5847: gcc -c -g -O2  conftest.c >&5
configure:5847: $? = 0
configure:5847: result: yes
configure:5847: checking libintl.h presence
configure:5847: gcc -E  conftest.c
configure:5847: $? = 0
configure:5847: result: yes
configure:5847: checking for libintl.h
configure:5847: result: yes
configure:5855: checking for ngettext in libc
configure:5873: gcc -o conftest -g -O2   conftest.c  >&5
configure:5873: $? = 0
configure:5882: result: yes
configure:5886: checking for dgettext in libc
configure:5904: gcc -o conftest -g -O2   conftest.c  >&5
configure:5904: $? = 0
configure:5913: result: yes
configure:5920: checking for bind_textdomain_codeset
configure:5920: gcc -o conftest -g -O2   conftest.c  >&5
configure:5920: $? = 0
configure:5920: result: yes
configure:6196: checking for msgfmt
configure:6223: result: /usr/bin/msgfmt
configure:6234: checking for dcgettext
configure:6234: gcc -o conftest -g -O2   conftest.c   >&5
conftest.c:50:6: warning: conflicting types for built-in function 'dcgettext' [enabled by default]
configure:6234: $? = 0
configure:6234: result: yes
configure:6244: checking if msgfmt accepts -c
configure:6259: $MSGFMT -c -o /dev/null conftest.foo
configure:6262: $? = 0
configure:6264: result: yes
configure:6274: checking for gmsgfmt
configure:6305: result: /usr/bin/msgfmt
configure:6315: checking for xgettext
configure:6342: result: /usr/bin/xgettext
configure:6361: gcc -o conftest -g -O2   conftest.c   >&5
configure:6361: $? = 0
configure:6513: checking how to run the C++ preprocessor
configure:6540: g++ -E  conftest.cpp
configure:6540: $? = 0
configure:6554: g++ -E  conftest.cpp
conftest.cpp:29:28: fatal error: ac_nonexistent.h: No such file or directory
compilation terminated.
configure:6554: $? = 1
configure: failed program was:
| /* confdefs.h */
| #define PACKAGE_NAME "dingo"
| #define PACKAGE_TARNAME "dingo"
| #define PACKAGE_VERSION "0.5.1"
| #define PACKAGE_STRING "dingo 0.5.1"
| #define PACKAGE_BUGREPORT "http://dingo-project.org/contribute/file-bugs"
| #define PACKAGE_URL ""
| #define PACKAGE "dingo"
| #define VERSION "0.5.1"
| #define GETTEXT_PACKAGE "dingo"
| #define HAVE_BOOST /**/
| #define STDC_HEADERS 1
| #define HAVE_SYS_TYPES_H 1
| #define HAVE_SYS_STAT_H 1
| #define HAVE_STDLIB_H 1
| #define HAVE_STRING_H 1
| #define HAVE_MEMORY_H 1
| #define HAVE_STRINGS_H 1
| #define HAVE_INTTYPES_H 1
| #define HAVE_STDINT_H 1
| #define HAVE_UNISTD_H 1
| #define HAVE_LOCALE_H 1
| #define HAVE_LC_MESSAGES 1
| #define HAVE_BIND_TEXTDOMAIN_CODESET 1
| #define HAVE_GETTEXT 1
| #define HAVE_DCGETTEXT 1
| #define ENABLE_NLS 1
| /* end confdefs.h.  */
| #include <ac_nonexistent.h>
configure:6579: result: g++ -E
configure:6599: g++ -E  conftest.cpp
configure:6599: $? = 0
configure:6613: g++ -E  conftest.cpp
conftest.cpp:29:28: fatal error: ac_nonexistent.h: No such file or directory
compilation terminated.
configure:6613: $? = 1
configure: failed program was:
| /* confdefs.h */
| #define PACKAGE_NAME "dingo"
| #define PACKAGE_TARNAME "dingo"
| #define PACKAGE_VERSION "0.5.1"
| #define PACKAGE_STRING "dingo 0.5.1"
| #define PACKAGE_BUGREPORT "http://dingo-project.org/contribute/file-bugs"
| #define PACKAGE_URL ""
| #define PACKAGE "dingo"
| #define VERSION "0.5.1"
| #define GETTEXT_PACKAGE "dingo"
| #define HAVE_BOOST /**/
| #define STDC_HEADERS 1
| #define HAVE_SYS_TYPES_H 1
| #define HAVE_SYS_STAT_H 1
| #define HAVE_STDLIB_H 1
| #define HAVE_STRING_H 1
| #define HAVE_MEMORY_H 1
| #define HAVE_STRINGS_H 1
| #define HAVE_INTTYPES_H 1
| #define HAVE_STDINT_H 1
| #define HAVE_UNISTD_H 1
| #define HAVE_LOCALE_H 1
| #define HAVE_LC_MESSAGES 1
| #define HAVE_BIND_TEXTDOMAIN_CODESET 1
| #define HAVE_GETTEXT 1
| #define HAVE_DCGETTEXT 1
| #define ENABLE_NLS 1
| /* end confdefs.h.  */
| #include <ac_nonexistent.h>
configure:6645: checking stdio.h usability
configure:6645: g++ -c -g -O2  conftest.cpp >&5
configure:6645: $? = 0
configure:6645: result: yes
configure:6645: checking stdio.h presence
configure:6645: g++ -E  conftest.cpp
configure:6645: $? = 0
configure:6645: result: yes
configure:6645: checking for stdio.h
configure:6645: result: yes
configure:6645: checking for stdlib.h
configure:6645: result: yes
configure:6645: checking ctype.h usability
configure:6645: g++ -c -g -O2  conftest.cpp >&5
configure:6645: $? = 0
configure:6645: result: yes
configure:6645: checking ctype.h presence
configure:6645: g++ -E  conftest.cpp
configure:6645: $? = 0
configure:6645: result: yes
configure:6645: checking for ctype.h
configure:6645: result: yes
configure:6645: checking for stdint.h
configure:6645: result: yes
configure:6645: checking gtkmm.h usability
configure:6645: g++ -c -g -O2  conftest.cpp >&5
conftest.cpp:66:19: fatal error: gtkmm.h: No such file or directory
compilation terminated.
configure:6645: $? = 1
configure: failed program was:
| /* confdefs.h */
| #define PACKAGE_NAME "dingo"
| #define PACKAGE_TARNAME "dingo"
| #define PACKAGE_VERSION "0.5.1"
| #define PACKAGE_STRING "dingo 0.5.1"
| #define PACKAGE_BUGREPORT "http://dingo-project.org/contribute/file-bugs"
| #define PACKAGE_URL ""
| #define PACKAGE "dingo"
| #define VERSION "0.5.1"
| #define GETTEXT_PACKAGE "dingo"
| #define HAVE_BOOST /**/
| #define STDC_HEADERS 1
| #define HAVE_SYS_TYPES_H 1
| #define HAVE_SYS_STAT_H 1
| #define HAVE_STDLIB_H 1
| #define HAVE_STRING_H 1
| #define HAVE_MEMORY_H 1
| #define HAVE_STRINGS_H 1
| #define HAVE_INTTYPES_H 1
| #define HAVE_STDINT_H 1
| #define HAVE_UNISTD_H 1
| #define HAVE_LOCALE_H 1
| #define HAVE_LC_MESSAGES 1
| #define HAVE_BIND_TEXTDOMAIN_CODESET 1
| #define HAVE_GETTEXT 1
| #define HAVE_DCGETTEXT 1
| #define ENABLE_NLS 1
| #define HAVE_STDIO_H 1
| #define HAVE_STDLIB_H 1
| #define HAVE_CTYPE_H 1
| #define HAVE_STDINT_H 1
| /* end confdefs.h.  */
| #include <stdio.h>
| #ifdef HAVE_SYS_TYPES_H
| # include <sys/types.h>
| #endif
| #ifdef HAVE_SYS_STAT_H
| # include <sys/stat.h>
| #endif
| #ifdef STDC_HEADERS
| # include <stdlib.h>
| # include <stddef.h>
| #else
| # ifdef HAVE_STDLIB_H
| #  include <stdlib.h>
| # endif
| #endif
| #ifdef HAVE_STRING_H
| # if !defined STDC_HEADERS && defined HAVE_MEMORY_H
| #  include <memory.h>
| # endif
| # include <string.h>
| #endif
| #ifdef HAVE_STRINGS_H
| # include <strings.h>
| #endif
| #ifdef HAVE_INTTYPES_H
| # include <inttypes.h>
| #endif
| #ifdef HAVE_STDINT_H
| # include <stdint.h>
| #endif
| #ifdef HAVE_UNISTD_H
| # include <unistd.h>
| #endif
| #include <gtkmm.h>
configure:6645: result: no
configure:6645: checking gtkmm.h presence
configure:6645: g++ -E  conftest.cpp
conftest.cpp:33:19: fatal error: gtkmm.h: No such file or directory
compilation terminated.
configure:6645: $? = 1
configure: failed program was:
| /* confdefs.h */
| #define PACKAGE_NAME "dingo"
| #define PACKAGE_TARNAME "dingo"
| #define PACKAGE_VERSION "0.5.1"
| #define PACKAGE_STRING "dingo 0.5.1"
| #define PACKAGE_BUGREPORT "http://dingo-project.org/contribute/file-bugs"
| #define PACKAGE_URL ""
| #define PACKAGE "dingo"
| #define VERSION "0.5.1"
| #define GETTEXT_PACKAGE "dingo"
| #define HAVE_BOOST /**/
| #define STDC_HEADERS 1
| #define HAVE_SYS_TYPES_H 1
| #define HAVE_SYS_STAT_H 1
| #define HAVE_STDLIB_H 1
| #define HAVE_STRING_H 1
| #define HAVE_MEMORY_H 1
| #define HAVE_STRINGS_H 1
| #define HAVE_INTTYPES_H 1
| #define HAVE_STDINT_H 1
| #define HAVE_UNISTD_H 1
| #define HAVE_LOCALE_H 1
| #define HAVE_LC_MESSAGES 1
| #define HAVE_BIND_TEXTDOMAIN_CODESET 1
| #define HAVE_GETTEXT 1
| #define HAVE_DCGETTEXT 1
| #define ENABLE_NLS 1
| #define HAVE_STDIO_H 1
| #define HAVE_STDLIB_H 1
| #define HAVE_CTYPE_H 1
| #define HAVE_STDINT_H 1
| /* end confdefs.h.  */
| #include <gtkmm.h>
configure:6645: result: no
configure:6645: checking for gtkmm.h
configure:6645: result: no
configure:6645: checking gstreamermm.h usability
configure:6645: g++ -c -g -O2  conftest.cpp >&5
conftest.cpp:66:25: fatal error: gstreamermm.h: No such file or directory
compilation terminated.
configure:6645: $? = 1
configure: failed program was:
| /* confdefs.h */
| #define PACKAGE_NAME "dingo"
| #define PACKAGE_TARNAME "dingo"
| #define PACKAGE_VERSION "0.5.1"
| #define PACKAGE_STRING "dingo 0.5.1"
| #define PACKAGE_BUGREPORT "http://dingo-project.org/contribute/file-bugs"
| #define PACKAGE_URL ""
| #define PACKAGE "dingo"
| #define VERSION "0.5.1"
| #define GETTEXT_PACKAGE "dingo"
| #define HAVE_BOOST /**/
| #define STDC_HEADERS 1
| #define HAVE_SYS_TYPES_H 1
| #define HAVE_SYS_STAT_H 1
| #define HAVE_STDLIB_H 1
| #define HAVE_STRING_H 1
| #define HAVE_MEMORY_H 1
| #define HAVE_STRINGS_H 1
| #define HAVE_INTTYPES_H 1
| #define HAVE_STDINT_H 1
| #define HAVE_UNISTD_H 1
| #define HAVE_LOCALE_H 1
| #define HAVE_LC_MESSAGES 1
| #define HAVE_BIND_TEXTDOMAIN_CODESET 1
| #define HAVE_GETTEXT 1
| #define HAVE_DCGETTEXT 1
| #define ENABLE_NLS 1
| #define HAVE_STDIO_H 1
| #define HAVE_STDLIB_H 1
| #define HAVE_CTYPE_H 1
| #define HAVE_STDINT_H 1
| /* end confdefs.h.  */
| #include <stdio.h>
| #ifdef HAVE_SYS_TYPES_H
| # include <sys/types.h>
| #endif
| #ifdef HAVE_SYS_STAT_H
| # include <sys/stat.h>
| #endif
| #ifdef STDC_HEADERS
| # include <stdlib.h>
| # include <stddef.h>
| #else
| # ifdef HAVE_STDLIB_H
| #  include <stdlib.h>
| # endif
| #endif
| #ifdef HAVE_STRING_H
| # if !defined STDC_HEADERS && defined HAVE_MEMORY_H
| #  include <memory.h>
| # endif
| # include <string.h>
| #endif
| #ifdef HAVE_STRINGS_H
| # include <strings.h>
| #endif
| #ifdef HAVE_INTTYPES_H
| # include <inttypes.h>
| #endif
| #ifdef HAVE_STDINT_H
| # include <stdint.h>
| #endif
| #ifdef HAVE_UNISTD_H
| # include <unistd.h>
| #endif
| #include <gstreamermm.h>
configure:6645: result: no
configure:6645: checking gstreamermm.h presence
configure:6645: g++ -E  conftest.cpp
conftest.cpp:33:25: fatal error: gstreamermm.h: No such file or directory
compilation terminated.
configure:6645: $? = 1
configure: failed program was:
| /* confdefs.h */
| #define PACKAGE_NAME "dingo"
| #define PACKAGE_TARNAME "dingo"
| #define PACKAGE_VERSION "0.5.1"
| #define PACKAGE_STRING "dingo 0.5.1"
| #define PACKAGE_BUGREPORT "http://dingo-project.org/contribute/file-bugs"
| #define PACKAGE_URL ""
| #define PACKAGE "dingo"
| #define VERSION "0.5.1"
| #define GETTEXT_PACKAGE "dingo"
| #define HAVE_BOOST /**/
| #define STDC_HEADERS 1
| #define HAVE_SYS_TYPES_H 1
| #define HAVE_SYS_STAT_H 1
| #define HAVE_STDLIB_H 1
| #define HAVE_STRING_H 1
| #define HAVE_MEMORY_H 1
| #define HAVE_STRINGS_H 1
| #define HAVE_INTTYPES_H 1
| #define HAVE_STDINT_H 1
| #define HAVE_UNISTD_H 1
| #define HAVE_LOCALE_H 1
| #define HAVE_LC_MESSAGES 1
| #define HAVE_BIND_TEXTDOMAIN_CODESET 1
| #define HAVE_GETTEXT 1
| #define HAVE_DCGETTEXT 1
| #define ENABLE_NLS 1
| #define HAVE_STDIO_H 1
| #define HAVE_STDLIB_H 1
| #define HAVE_CTYPE_H 1
| #define HAVE_STDINT_H 1
| /* end confdefs.h.  */
| #include <gstreamermm.h>
configure:6645: result: no
configure:6645: checking for gstreamermm.h
configure:6645: result: no
configure:6645: checking glibmm/i18n.h usability
configure:6645: g++ -c -g -O2  conftest.cpp >&5
conftest.cpp:66:25: fatal error: glibmm/i18n.h: No such file or directory
compilation terminated.
configure:6645: $? = 1
configure: failed program was:
| /* confdefs.h */
| #define PACKAGE_NAME "dingo"
| #define PACKAGE_TARNAME "dingo"
| #define PACKAGE_VERSION "0.5.1"
| #define PACKAGE_STRING "dingo 0.5.1"
| #define PACKAGE_BUGREPORT "http://dingo-project.org/contribute/file-bugs"
| #define PACKAGE_URL ""
| #define PACKAGE "dingo"
| #define VERSION "0.5.1"
| #define GETTEXT_PACKAGE "dingo"
| #define HAVE_BOOST /**/
| #define STDC_HEADERS 1
| #define HAVE_SYS_TYPES_H 1
| #define HAVE_SYS_STAT_H 1
| #define HAVE_STDLIB_H 1
| #define HAVE_STRING_H 1
| #define HAVE_MEMORY_H 1
| #define HAVE_STRINGS_H 1
| #define HAVE_INTTYPES_H 1
| #define HAVE_STDINT_H 1
| #define HAVE_UNISTD_H 1
| #define HAVE_LOCALE_H 1
| #define HAVE_LC_MESSAGES 1
| #define HAVE_BIND_TEXTDOMAIN_CODESET 1
| #define HAVE_GETTEXT 1
| #define HAVE_DCGETTEXT 1
| #define ENABLE_NLS 1
| #define HAVE_STDIO_H 1
| #define HAVE_STDLIB_H 1
| #define HAVE_CTYPE_H 1
| #define HAVE_STDINT_H 1
| /* end confdefs.h.  */
| #include <stdio.h>
| #ifdef HAVE_SYS_TYPES_H
| # include <sys/types.h>
| #endif
| #ifdef HAVE_SYS_STAT_H
| # include <sys/stat.h>
| #endif
| #ifdef STDC_HEADERS
| # include <stdlib.h>
| # include <stddef.h>
| #else
| # ifdef HAVE_STDLIB_H
| #  include <stdlib.h>
| # endif
| #endif
| #ifdef HAVE_STRING_H
| # if !defined STDC_HEADERS && defined HAVE_MEMORY_H
| #  include <memory.h>
| # endif
| # include <string.h>
| #endif
| #ifdef HAVE_STRINGS_H
| # include <strings.h>
| #endif
| #ifdef HAVE_INTTYPES_H
| # include <inttypes.h>
| #endif
| #ifdef HAVE_STDINT_H
| # include <stdint.h>
| #endif
| #ifdef HAVE_UNISTD_H
| # include <unistd.h>
| #endif
| #include <glibmm/i18n.h>
configure:6645: result: no
configure:6645: checking glibmm/i18n.h presence
configure:6645: g++ -E  conftest.cpp
conftest.cpp:33:25: fatal error: glibmm/i18n.h: No such file or directory
compilation terminated.
configure:6645: $? = 1
configure: failed program was:
| /* confdefs.h */
| #define PACKAGE_NAME "dingo"
| #define PACKAGE_TARNAME "dingo"
| #define PACKAGE_VERSION "0.5.1"
| #define PACKAGE_STRING "dingo 0.5.1"
| #define PACKAGE_BUGREPORT "http://dingo-project.org/contribute/file-bugs"
| #define PACKAGE_URL ""
| #define PACKAGE "dingo"
| #define VERSION "0.5.1"
| #define GETTEXT_PACKAGE "dingo"
| #define HAVE_BOOST /**/
| #define STDC_HEADERS 1
| #define HAVE_SYS_TYPES_H 1
| #define HAVE_SYS_STAT_H 1
| #define HAVE_STDLIB_H 1
| #define HAVE_STRING_H 1
| #define HAVE_MEMORY_H 1
| #define HAVE_STRINGS_H 1
| #define HAVE_INTTYPES_H 1
| #define HAVE_STDINT_H 1
| #define HAVE_UNISTD_H 1
| #define HAVE_LOCALE_H 1
| #define HAVE_LC_MESSAGES 1
| #define HAVE_BIND_TEXTDOMAIN_CODESET 1
| #define HAVE_GETTEXT 1
| #define HAVE_DCGETTEXT 1
| #define ENABLE_NLS 1
| #define HAVE_STDIO_H 1
| #define HAVE_STDLIB_H 1
| #define HAVE_CTYPE_H 1
| #define HAVE_STDINT_H 1
| /* end confdefs.h.  */
| #include <glibmm/i18n.h>
configure:6645: result: no
configure:6645: checking for glibmm/i18n.h
configure:6645: result: no
configure:6645: checking sqlite3.h usability
configure:6645: g++ -c -g -O2  conftest.cpp >&5
configure:6645: $? = 0
configure:6645: result: yes
configure:6645: checking sqlite3.h presence
configure:6645: g++ -E  conftest.cpp
configure:6645: $? = 0
configure:6645: result: yes
configure:6645: checking for sqlite3.h
configure:6645: result: yes
configure:6645: checking MediaInfo/MediaInfo.h usability
configure:6645: g++ -c -g -O2  conftest.cpp >&5
configure:6645: $? = 0
configure:6645: result: yes
configure:6645: checking MediaInfo/MediaInfo.h presence
configure:6645: g++ -E  conftest.cpp
configure:6645: $? = 0
configure:6645: result: yes
configure:6645: checking for MediaInfo/MediaInfo.h
configure:6645: result: yes
configure:6645: checking gtkmm/volumebutton.h usability
configure:6645: g++ -c -g -O2  conftest.cpp >&5
conftest.cpp:68:32: fatal error: gtkmm/volumebutton.h: No such file or directory
compilation terminated.
configure:6645: $? = 1
configure: failed program was:
| /* confdefs.h */
| #define PACKAGE_NAME "dingo"
| #define PACKAGE_TARNAME "dingo"
| #define PACKAGE_VERSION "0.5.1"
| #define PACKAGE_STRING "dingo 0.5.1"
| #define PACKAGE_BUGREPORT "http://dingo-project.org/contribute/file-bugs"
| #define PACKAGE_URL ""
| #define PACKAGE "dingo"
| #define VERSION "0.5.1"
| #define GETTEXT_PACKAGE "dingo"
| #define HAVE_BOOST /**/
| #define STDC_HEADERS 1
| #define HAVE_SYS_TYPES_H 1
| #define HAVE_SYS_STAT_H 1
| #define HAVE_STDLIB_H 1
| #define HAVE_STRING_H 1
| #define HAVE_MEMORY_H 1
| #define HAVE_STRINGS_H 1
| #define HAVE_INTTYPES_H 1
| #define HAVE_STDINT_H 1
| #define HAVE_UNISTD_H 1
| #define HAVE_LOCALE_H 1
| #define HAVE_LC_MESSAGES 1
| #define HAVE_BIND_TEXTDOMAIN_CODESET 1
| #define HAVE_GETTEXT 1
| #define HAVE_DCGETTEXT 1
| #define ENABLE_NLS 1
| #define HAVE_STDIO_H 1
| #define HAVE_STDLIB_H 1
| #define HAVE_CTYPE_H 1
| #define HAVE_STDINT_H 1
| #define HAVE_SQLITE3_H 1
| #define HAVE_MEDIAINFO_MEDIAINFO_H 1
| /* end confdefs.h.  */
| #include <stdio.h>
| #ifdef HAVE_SYS_TYPES_H
| # include <sys/types.h>
| #endif
| #ifdef HAVE_SYS_STAT_H
| # include <sys/stat.h>
| #endif
| #ifdef STDC_HEADERS
| # include <stdlib.h>
| # include <stddef.h>
| #else
| # ifdef HAVE_STDLIB_H
| #  include <stdlib.h>
| # endif
| #endif
| #ifdef HAVE_STRING_H
| # if !defined STDC_HEADERS && defined HAVE_MEMORY_H
| #  include <memory.h>
| # endif
| # include <string.h>
| #endif
| #ifdef HAVE_STRINGS_H
| # include <strings.h>
| #endif
| #ifdef HAVE_INTTYPES_H
| # include <inttypes.h>
| #endif
| #ifdef HAVE_STDINT_H
| # include <stdint.h>
| #endif
| #ifdef HAVE_UNISTD_H
| # include <unistd.h>
| #endif
| #include <gtkmm/volumebutton.h>
configure:6645: result: no
configure:6645: checking gtkmm/volumebutton.h presence
configure:6645: g++ -E  conftest.cpp
conftest.cpp:35:32: fatal error: gtkmm/volumebutton.h: No such file or directory
compilation terminated.
configure:6645: $? = 1
configure: failed program was:
| /* confdefs.h */
| #define PACKAGE_NAME "dingo"
| #define PACKAGE_TARNAME "dingo"
| #define PACKAGE_VERSION "0.5.1"
| #define PACKAGE_STRING "dingo 0.5.1"
| #define PACKAGE_BUGREPORT "http://dingo-project.org/contribute/file-bugs"
| #define PACKAGE_URL ""
| #define PACKAGE "dingo"
| #define VERSION "0.5.1"
| #define GETTEXT_PACKAGE "dingo"
| #define HAVE_BOOST /**/
| #define STDC_HEADERS 1
| #define HAVE_SYS_TYPES_H 1
| #define HAVE_SYS_STAT_H 1
| #define HAVE_STDLIB_H 1
| #define HAVE_STRING_H 1
| #define HAVE_MEMORY_H 1
| #define HAVE_STRINGS_H 1
| #define HAVE_INTTYPES_H 1
| #define HAVE_STDINT_H 1
| #define HAVE_UNISTD_H 1
| #define HAVE_LOCALE_H 1
| #define HAVE_LC_MESSAGES 1
| #define HAVE_BIND_TEXTDOMAIN_CODESET 1
| #define HAVE_GETTEXT 1
| #define HAVE_DCGETTEXT 1
| #define ENABLE_NLS 1
| #define HAVE_STDIO_H 1
| #define HAVE_STDLIB_H 1
| #define HAVE_CTYPE_H 1
| #define HAVE_STDINT_H 1
| #define HAVE_SQLITE3_H 1
| #define HAVE_MEDIAINFO_MEDIAINFO_H 1
| /* end confdefs.h.  */
| #include <gtkmm/volumebutton.h>
configure:6645: result: no
configure:6645: checking for gtkmm/volumebutton.h
configure:6645: result: no
configure:6645: checking gdk/gdkx.h usability
configure:6645: g++ -c -g -O2  conftest.cpp >&5
conftest.cpp:68:22: fatal error: gdk/gdkx.h: No such file or directory
compilation terminated.
configure:6645: $? = 1
configure: failed program was:
| /* confdefs.h */
| #define PACKAGE_NAME "dingo"
| #define PACKAGE_TARNAME "dingo"
| #define PACKAGE_VERSION "0.5.1"
| #define PACKAGE_STRING "dingo 0.5.1"
| #define PACKAGE_BUGREPORT "http://dingo-project.org/contribute/file-bugs"
| #define PACKAGE_URL ""
| #define PACKAGE "dingo"
| #define VERSION "0.5.1"
| #define GETTEXT_PACKAGE "dingo"
| #define HAVE_BOOST /**/
| #define STDC_HEADERS 1
| #define HAVE_SYS_TYPES_H 1
| #define HAVE_SYS_STAT_H 1
| #define HAVE_STDLIB_H 1
| #define HAVE_STRING_H 1
| #define HAVE_MEMORY_H 1
| #define HAVE_STRINGS_H 1
| #define HAVE_INTTYPES_H 1
| #define HAVE_STDINT_H 1
| #define HAVE_UNISTD_H 1
| #define HAVE_LOCALE_H 1
| #define HAVE_LC_MESSAGES 1
| #define HAVE_BIND_TEXTDOMAIN_CODESET 1
| #define HAVE_GETTEXT 1
| #define HAVE_DCGETTEXT 1
| #define ENABLE_NLS 1
| #define HAVE_STDIO_H 1
| #define HAVE_STDLIB_H 1
| #define HAVE_CTYPE_H 1
| #define HAVE_STDINT_H 1
| #define HAVE_SQLITE3_H 1
| #define HAVE_MEDIAINFO_MEDIAINFO_H 1
| /* end confdefs.h.  */
| #include <stdio.h>
| #ifdef HAVE_SYS_TYPES_H
| # include <sys/types.h>
| #endif
| #ifdef HAVE_SYS_STAT_H
| # include <sys/stat.h>
| #endif
| #ifdef STDC_HEADERS
| # include <stdlib.h>
| # include <stddef.h>
| #else
| # ifdef HAVE_STDLIB_H
| #  include <stdlib.h>
| # endif
| #endif
| #ifdef HAVE_STRING_H
| # if !defined STDC_HEADERS && defined HAVE_MEMORY_H
| #  include <memory.h>
| # endif
| # include <string.h>
| #endif
| #ifdef HAVE_STRINGS_H
| # include <strings.h>
| #endif
| #ifdef HAVE_INTTYPES_H
| # include <inttypes.h>
| #endif
| #ifdef HAVE_STDINT_H
| # include <stdint.h>
| #endif
| #ifdef HAVE_UNISTD_H
| # include <unistd.h>
| #endif
| #include <gdk/gdkx.h>
configure:6645: result: no
configure:6645: checking gdk/gdkx.h presence
configure:6645: g++ -E  conftest.cpp
conftest.cpp:35:22: fatal error: gdk/gdkx.h: No such file or directory
compilation terminated.
configure:6645: $? = 1
configure: failed program was:
| /* confdefs.h */
| #define PACKAGE_NAME "dingo"
| #define PACKAGE_TARNAME "dingo"
| #define PACKAGE_VERSION "0.5.1"
| #define PACKAGE_STRING "dingo 0.5.1"
| #define PACKAGE_BUGREPORT "http://dingo-project.org/contribute/file-bugs"
| #define PACKAGE_URL ""
| #define PACKAGE "dingo"
| #define VERSION "0.5.1"
| #define GETTEXT_PACKAGE "dingo"
| #define HAVE_BOOST /**/
| #define STDC_HEADERS 1
| #define HAVE_SYS_TYPES_H 1
| #define HAVE_SYS_STAT_H 1
| #define HAVE_STDLIB_H 1
| #define HAVE_STRING_H 1
| #define HAVE_MEMORY_H 1
| #define HAVE_STRINGS_H 1
| #define HAVE_INTTYPES_H 1
| #define HAVE_STDINT_H 1
| #define HAVE_UNISTD_H 1
| #define HAVE_LOCALE_H 1
| #define HAVE_LC_MESSAGES 1
| #define HAVE_BIND_TEXTDOMAIN_CODESET 1
| #define HAVE_GETTEXT 1
| #define HAVE_DCGETTEXT 1
| #define ENABLE_NLS 1
| #define HAVE_STDIO_H 1
| #define HAVE_STDLIB_H 1
| #define HAVE_CTYPE_H 1
| #define HAVE_STDINT_H 1
| #define HAVE_SQLITE3_H 1
| #define HAVE_MEDIAINFO_MEDIAINFO_H 1
| /* end confdefs.h.  */
| #include <gdk/gdkx.h>
configure:6645: result: no
configure:6645: checking for gdk/gdkx.h
configure:6645: result: no
configure:6645: checking libxml++/libxml++.h usability
configure:6645: g++ -c -g -O2  conftest.cpp >&5
conftest.cpp:68:31: fatal error: libxml++/libxml++.h: No such file or directory
compilation terminated.
configure:6645: $? = 1
configure: failed program was:
| /* confdefs.h */
| #define PACKAGE_NAME "dingo"
| #define PACKAGE_TARNAME "dingo"
| #define PACKAGE_VERSION "0.5.1"
| #define PACKAGE_STRING "dingo 0.5.1"
| #define PACKAGE_BUGREPORT "http://dingo-project.org/contribute/file-bugs"
| #define PACKAGE_URL ""
| #define PACKAGE "dingo"
| #define VERSION "0.5.1"
| #define GETTEXT_PACKAGE "dingo"
| #define HAVE_BOOST /**/
| #define STDC_HEADERS 1
| #define HAVE_SYS_TYPES_H 1
| #define HAVE_SYS_STAT_H 1
| #define HAVE_STDLIB_H 1
| #define HAVE_STRING_H 1
| #define HAVE_MEMORY_H 1
| #define HAVE_STRINGS_H 1
| #define HAVE_INTTYPES_H 1
| #define HAVE_STDINT_H 1
| #define HAVE_UNISTD_H 1
| #define HAVE_LOCALE_H 1
| #define HAVE_LC_MESSAGES 1
| #define HAVE_BIND_TEXTDOMAIN_CODESET 1
| #define HAVE_GETTEXT 1
| #define HAVE_DCGETTEXT 1
| #define ENABLE_NLS 1
| #define HAVE_STDIO_H 1
| #define HAVE_STDLIB_H 1
| #define HAVE_CTYPE_H 1
| #define HAVE_STDINT_H 1
| #define HAVE_SQLITE3_H 1
| #define HAVE_MEDIAINFO_MEDIAINFO_H 1
| /* end confdefs.h.  */
| #include <stdio.h>
| #ifdef HAVE_SYS_TYPES_H
| # include <sys/types.h>
| #endif
| #ifdef HAVE_SYS_STAT_H
| # include <sys/stat.h>
| #endif
| #ifdef STDC_HEADERS
| # include <stdlib.h>
| # include <stddef.h>
| #else
| # ifdef HAVE_STDLIB_H
| #  include <stdlib.h>
| # endif
| #endif
| #ifdef HAVE_STRING_H
| # if !defined STDC_HEADERS && defined HAVE_MEMORY_H
| #  include <memory.h>
| # endif
| # include <string.h>
| #endif
| #ifdef HAVE_STRINGS_H
| # include <strings.h>
| #endif
| #ifdef HAVE_INTTYPES_H
| # include <inttypes.h>
| #endif
| #ifdef HAVE_STDINT_H
| # include <stdint.h>
| #endif
| #ifdef HAVE_UNISTD_H
| # include <unistd.h>
| #endif
| #include <libxml++/libxml++.h>
configure:6645: result: no
configure:6645: checking libxml++/libxml++.h presence
configure:6645: g++ -E  conftest.cpp
conftest.cpp:35:31: fatal error: libxml++/libxml++.h: No such file or directory
compilation terminated.
configure:6645: $? = 1
configure: failed program was:
| /* confdefs.h */
| #define PACKAGE_NAME "dingo"
| #define PACKAGE_TARNAME "dingo"
| #define PACKAGE_VERSION "0.5.1"
| #define PACKAGE_STRING "dingo 0.5.1"
| #define PACKAGE_BUGREPORT "http://dingo-project.org/contribute/file-bugs"
| #define PACKAGE_URL ""
| #define PACKAGE "dingo"
| #define VERSION "0.5.1"
| #define GETTEXT_PACKAGE "dingo"
| #define HAVE_BOOST /**/
| #define STDC_HEADERS 1
| #define HAVE_SYS_TYPES_H 1
| #define HAVE_SYS_STAT_H 1
| #define HAVE_STDLIB_H 1
| #define HAVE_STRING_H 1
| #define HAVE_MEMORY_H 1
| #define HAVE_STRINGS_H 1
| #define HAVE_INTTYPES_H 1
| #define HAVE_STDINT_H 1
| #define HAVE_UNISTD_H 1
| #define HAVE_LOCALE_H 1
| #define HAVE_LC_MESSAGES 1
| #define HAVE_BIND_TEXTDOMAIN_CODESET 1
| #define HAVE_GETTEXT 1
| #define HAVE_DCGETTEXT 1
| #define ENABLE_NLS 1
| #define HAVE_STDIO_H 1
| #define HAVE_STDLIB_H 1
| #define HAVE_CTYPE_H 1
| #define HAVE_STDINT_H 1
| #define HAVE_SQLITE3_H 1
| #define HAVE_MEDIAINFO_MEDIAINFO_H 1
| /* end confdefs.h.  */
| #include <libxml++/libxml++.h>
configure:6645: result: no
configure:6645: checking for libxml++/libxml++.h
configure:6645: result: no
configure:6645: checking for libintl.h
configure:6645: result: yes
configure:6645: checking boost/program_options.hpp usability
configure:6645: g++ -c -g -O2  conftest.cpp >&5
configure:6645: $? = 0
configure:6645: result: yes
configure:6645: checking boost/program_options.hpp presence
configure:6645: g++ -E  conftest.cpp
configure:6645: $? = 0
configure:6645: result: yes
configure:6645: checking for boost/program_options.hpp
configure:6645: result: yes
configure:6823: creating ./config.status

## ---------------------- ##
## Running config.status. ##
## ---------------------- ##

This file was extended by dingo config.status 0.5.1, which was
generated by GNU Autoconf 2.69.  Invocation command line was

  CONFIG_FILES    = 
  CONFIG_HEADERS  = 
  CONFIG_LINKS    = 
  CONFIG_COMMANDS = 
  $ ./config.status 

on phongvcao-N53SV

config.status:981: creating Makefile
config.status:981: creating data/Makefile
config.status:981: creating docs/Makefile
config.status:981: creating build/Makefile
config.status:981: creating po/Makefile.in
config.status:981: creating src/Makefile
config.status:981: creating data/database/Makefile
config.status:981: creating data/icons/Makefile
config.status:981: creating data/samples/Makefile
config.status:981: creating data/settings/Makefile
config.status:981: creating data/icons/16x16/Makefile
config.status:981: creating data/icons/24x24/Makefile
config.status:981: creating data/icons/32x32/Makefile
config.status:981: creating data/icons/48x48/Makefile
config.status:981: creating data/icons/64x64/Makefile
config.status:981: creating data/icons/128x128/Makefile
config.status:981: creating data/icons/256x256/Makefile
config.status:981: creating data/icons/scalable/Makefile
config.status:981: creating data/integration/Makefile
config.status:981: creating data/integration/dingo.desktop.in
config.status:981: creating build/rpms/Makefile
config.status:981: creating build/debs/Makefile
config.status:981: creating config.h
config.status:1162: config.h is unchanged
config.status:1210: executing depfiles commands
config.status:1210: executing default-1 commands
config.status:1210: executing po/stamp-it commands

## ---------------- ##
## Cache variables. ##
## ---------------- ##

ac_cv_c_compiler_gnu=yes
ac_cv_cxx_compiler_gnu=yes
ac_cv_env_CCC_set=
ac_cv_env_CCC_value=
ac_cv_env_CC_set=
ac_cv_env_CC_value=
ac_cv_env_CFLAGS_set=
ac_cv_env_CFLAGS_value=
ac_cv_env_CPPFLAGS_set=
ac_cv_env_CPPFLAGS_value=
ac_cv_env_CPP_set=
ac_cv_env_CPP_value=
ac_cv_env_CXXCPP_set=
ac_cv_env_CXXCPP_value=
ac_cv_env_CXXFLAGS_set=
ac_cv_env_CXXFLAGS_value=
ac_cv_env_CXX_set=
ac_cv_env_CXX_value=
ac_cv_env_DEPENDENCIES_CFLAGS_set=
ac_cv_env_DEPENDENCIES_CFLAGS_value=
ac_cv_env_DEPENDENCIES_LIBS_set=
ac_cv_env_DEPENDENCIES_LIBS_value=
ac_cv_env_LDFLAGS_set=
ac_cv_env_LDFLAGS_value=
ac_cv_env_LIBS_set=
ac_cv_env_LIBS_value=
ac_cv_env_PKG_CONFIG_LIBDIR_set=
ac_cv_env_PKG_CONFIG_LIBDIR_value=
ac_cv_env_PKG_CONFIG_PATH_set=
ac_cv_env_PKG_CONFIG_PATH_value=
ac_cv_env_PKG_CONFIG_set=
ac_cv_env_PKG_CONFIG_value=
ac_cv_env_build_alias_set=
ac_cv_env_build_alias_value=
ac_cv_env_host_alias_set=
ac_cv_env_host_alias_value=
ac_cv_env_target_alias_set=
ac_cv_env_target_alias_value=
ac_cv_func_bind_textdomain_codeset=yes
ac_cv_func_dcgettext=yes
ac_cv_header_MediaInfo_MediaInfo_h=yes
ac_cv_header_boost_program_options_hpp=yes
ac_cv_header_ctype_h=yes
ac_cv_header_gdk_gdkx_h=no
ac_cv_header_glibmm_i18n_h=no
ac_cv_header_gstreamermm_h=no
ac_cv_header_gtkmm_h=no
ac_cv_header_gtkmm_volumebutton_h=no
ac_cv_header_inttypes_h=yes
ac_cv_header_libintl_h=yes
ac_cv_header_libxmlpp_libxmlpp_h=no
ac_cv_header_locale_h=yes
ac_cv_header_memory_h=yes
ac_cv_header_sqlite3_h=yes
ac_cv_header_stdc=yes
ac_cv_header_stdint_h=yes
ac_cv_header_stdio_h=yes
ac_cv_header_stdlib_h=yes
ac_cv_header_string_h=yes
ac_cv_header_strings_h=yes
ac_cv_header_sys_stat_h=yes
ac_cv_header_sys_types_h=yes
ac_cv_header_unistd_h=yes
ac_cv_objext=o
ac_cv_path_EGREP='/bin/grep -E'
ac_cv_path_GMSGFMT=/usr/bin/msgfmt
ac_cv_path_GREP=/bin/grep
ac_cv_path_INTLTOOL_EXTRACT=/usr/bin/intltool-extract
ac_cv_path_INTLTOOL_MERGE=/usr/bin/intltool-merge
ac_cv_path_INTLTOOL_PERL=/usr/bin/perl
ac_cv_path_INTLTOOL_UPDATE=/usr/bin/intltool-update
ac_cv_path_MSGFMT=/usr/bin/msgfmt
ac_cv_path_MSGMERGE=/usr/bin/msgmerge
ac_cv_path_XGETTEXT=/usr/bin/xgettext
ac_cv_path_ac_pt_PKG_CONFIG=/usr/bin/pkg-config
ac_cv_path_install='/usr/bin/install -c'
ac_cv_path_mkdir=/bin/mkdir
ac_cv_prog_AWK=mawk
ac_cv_prog_CPP='gcc -E'
ac_cv_prog_CXXCPP='g++ -E'
ac_cv_prog_ac_ct_CC=gcc
ac_cv_prog_ac_ct_CXX=g++
ac_cv_prog_cc_c89=
ac_cv_prog_cc_g=yes
ac_cv_prog_cxx_g=yes
ac_cv_prog_make_make_set=yes
am_cv_CC_dependencies_compiler_type=gcc3
am_cv_CXX_dependencies_compiler_type=gcc3
am_cv_val_LC_MESSAGES=yes
gt_cv_func_dgettext_libc=yes
gt_cv_func_dgettext_libintl=no
gt_cv_func_ngettext_libc=yes
gt_cv_have_gettext=yes
pkg_cv_DEPENDENCIES_CFLAGS='-pthread -DUNICODE -I/usr/include/gtkmm-3.0 -I/usr/lib/x86_64-linux-gnu/gtkmm-3.0/include -I/usr/include/atkmm-1.6 -I/usr/include/giomm-2.4 -I/usr/lib/x86_64-linux-gnu/giomm-2.4/include -I/usr/include/pangomm-1.4 -I/usr/lib/x86_64-linux-gnu/pangomm-1.4/include -I/usr/include/gtk-3.0 -I/usr/include/cairomm-1.0 -I/usr/lib/x86_64-linux-gnu/cairomm-1.0/include -I/usr/include/gdk-pixbuf-2.0 -I/usr/include/gtk-3.0/unix-print -I/usr/include/gdkmm-3.0 -I/usr/lib/x86_64-linux-gnu/gdkmm-3.0/include -I/usr/include/atk-1.0 -I/usr/include/glibmm-2.4 -I/usr/lib/x86_64-linux-gnu/glibmm-2.4/include -I/usr/include/glib-2.0 -I/usr/lib/x86_64-linux-gnu/glib-2.0/include -I/usr/include/sigc++-2.0 -I/usr/lib/x86_64-linux-gnu/sigc++-2.0/include -I/usr/include/pango-1.0 -I/usr/include/cairo -I/usr/include/pixman-1 -I/usr/include/freetype2 -I/usr/include/libpng12 -I/usr/include/at-spi2-atk/2.0 -I/usr/include/gio-unix-2.0/ -I/usr/include/gstreamer-0.10 -I/usr/include/libxml2 -I/usr/include/gstreamermm-0.10 -I/usr/lib/gstreamermm-0.10/include -I/usr/include/libxml++-2.6 -I/usr/lib/libxml++-2.6/include  '
pkg_cv_DEPENDENCIES_LIBS='-pthread -lgtkmm-3.0 -latkmm-1.6 -lgdkmm-3.0 -lpangomm-1.4 -lgtk-3 -lcairomm-1.0 -lgdk-3 -latk-1.0 -lpangocairo-1.0 -lcairo-gobject -lpango-1.0 -lcairo -lgstreamermm-0.10 -lgiomm-2.4 -lgstcontroller-0.10 -lgstdataprotocol-0.10 -lgstnet-0.10 -lgstaudio-0.10 -lgstcdda-0.10 -lgstnetbuffer-0.10 -lgstrtp-0.10 -lgstvideo-0.10 -lgstpbutils-0.10 -lgstinterfaces-0.10 -lgsttag-0.10 -lgstbase-0.10 -lgstreamer-0.10 -lgmodule-2.0 -lgthread-2.0 -lrt -lxml++-2.6 -lxml2 -lglibmm-2.4 -lsigc-2.0 -lmediainfo -lz -lpthread -lsqlite3 -lnotify -lgdk_pixbuf-2.0 -lgio-2.0 -lgobject-2.0 -lglib-2.0  '

## ----------------- ##
## Output variables. ##
## ----------------- ##

ACLOCAL='${SHELL} /home/phongvcao/dingo/missing --run aclocal-1.11'
ALL_LINGUAS=''
AMDEPBACKSLASH='\'
AMDEP_FALSE='#'
AMDEP_TRUE=''
AMTAR='$${TAR-tar}'
AM_DEFAULT_VERBOSITY='1'
AUTOCONF='${SHELL} /home/phongvcao/dingo/missing --run autoconf'
AUTOHEADER='${SHELL} /home/phongvcao/dingo/missing --run autoheader'
AUTOMAKE='${SHELL} /home/phongvcao/dingo/missing --run automake-1.11'
AWK='mawk'
BOOST_CPPFLAGS='-I/usr/include'
BOOST_LDFLAGS='-L/usr/lib'
CATALOGS=''
CATOBJEXT='.gmo'
CC='gcc'
CCDEPMODE='depmode=gcc3'
CFLAGS='-g -O2'
CPP='gcc -E'
CPPFLAGS=''
CXX='g++'
CXXCPP='g++ -E'
CXXDEPMODE='depmode=gcc3'
CXXFLAGS='-g -O2'
CYGPATH_W='echo'
DATADIRNAME='share'
DEFS='-DHAVE_CONFIG_H'
DEPDIR='.deps'
DEPENDENCIES_CFLAGS='-pthread -DUNICODE -I/usr/include/gtkmm-3.0 -I/usr/lib/x86_64-linux-gnu/gtkmm-3.0/include -I/usr/include/atkmm-1.6 -I/usr/include/giomm-2.4 -I/usr/lib/x86_64-linux-gnu/giomm-2.4/include -I/usr/include/pangomm-1.4 -I/usr/lib/x86_64-linux-gnu/pangomm-1.4/include -I/usr/include/gtk-3.0 -I/usr/include/cairomm-1.0 -I/usr/lib/x86_64-linux-gnu/cairomm-1.0/include -I/usr/include/gdk-pixbuf-2.0 -I/usr/include/gtk-3.0/unix-print -I/usr/include/gdkmm-3.0 -I/usr/lib/x86_64-linux-gnu/gdkmm-3.0/include -I/usr/include/atk-1.0 -I/usr/include/glibmm-2.4 -I/usr/lib/x86_64-linux-gnu/glibmm-2.4/include -I/usr/include/glib-2.0 -I/usr/lib/x86_64-linux-gnu/glib-2.0/include -I/usr/include/sigc++-2.0 -I/usr/lib/x86_64-linux-gnu/sigc++-2.0/include -I/usr/include/pango-1.0 -I/usr/include/cairo -I/usr/include/pixman-1 -I/usr/include/freetype2 -I/usr/include/libpng12 -I/usr/include/at-spi2-atk/2.0 -I/usr/include/gio-unix-2.0/ -I/usr/include/gstreamer-0.10 -I/usr/include/libxml2 -I/usr/include/gstreamermm-0.10 -I/usr/lib/gstreamermm-0.10/include -I/usr/include/libxml++-2.6 -I/usr/lib/libxml++-2.6/include  '
DEPENDENCIES_LIBS='-pthread -lgtkmm-3.0 -latkmm-1.6 -lgdkmm-3.0 -lpangomm-1.4 -lgtk-3 -lcairomm-1.0 -lgdk-3 -latk-1.0 -lpangocairo-1.0 -lcairo-gobject -lpango-1.0 -lcairo -lgstreamermm-0.10 -lgiomm-2.4 -lgstcontroller-0.10 -lgstdataprotocol-0.10 -lgstnet-0.10 -lgstaudio-0.10 -lgstcdda-0.10 -lgstnetbuffer-0.10 -lgstrtp-0.10 -lgstvideo-0.10 -lgstpbutils-0.10 -lgstinterfaces-0.10 -lgsttag-0.10 -lgstbase-0.10 -lgstreamer-0.10 -lgmodule-2.0 -lgthread-2.0 -lrt -lxml++-2.6 -lxml2 -lglibmm-2.4 -lsigc-2.0 -lmediainfo -lz -lpthread -lsqlite3 -lnotify -lgdk_pixbuf-2.0 -lgio-2.0 -lgobject-2.0 -lglib-2.0  '
DINGO_LOCALEDIR='${datarootdir}/locale'
ECHO_C=''
ECHO_N='-n'
ECHO_T=''
EGREP='/bin/grep -E'
EXEEXT=''
GETTEXT_PACKAGE='dingo'
GMOFILES=''
GMSGFMT='/usr/bin/msgfmt'
GREP='/bin/grep'
INSTALL_DATA='${INSTALL} -m 644'
INSTALL_PROGRAM='${INSTALL}'
INSTALL_SCRIPT='${INSTALL}'
INSTALL_STRIP_PROGRAM='$(install_sh) -c -s'
INSTOBJEXT='.mo'
INTLLIBS=''
INTLTOOL_CAVES_RULE='%.caves:     %.caves.in     $(INTLTOOL_MERGE) $(wildcard $(top_srcdir)/po/*.po) ; $(INTLTOOL_V_MERGE)LC_ALL=C $(INTLTOOL_MERGE) $(INTLTOOL_V_MERGE_OPTIONS) -d -u -c $(top_builddir)/po/.intltool-merge-cache $(top_srcdir)/po $< $@'
INTLTOOL_DESKTOP_RULE='%.desktop:   %.desktop.in   $(INTLTOOL_MERGE) $(wildcard $(top_srcdir)/po/*.po) ; $(INTLTOOL_V_MERGE)LC_ALL=C $(INTLTOOL_MERGE) $(INTLTOOL_V_MERGE_OPTIONS) -d -u -c $(top_builddir)/po/.intltool-merge-cache $(top_srcdir)/po $< $@'
INTLTOOL_DIRECTORY_RULE='%.directory: %.directory.in $(INTLTOOL_MERGE) $(wildcard $(top_srcdir)/po/*.po) ; $(INTLTOOL_V_MERGE)LC_ALL=C $(INTLTOOL_MERGE) $(INTLTOOL_V_MERGE_OPTIONS) -d -u -c $(top_builddir)/po/.intltool-merge-cache $(top_srcdir)/po $< $@'
INTLTOOL_EXTRACT='/usr/bin/intltool-extract'
INTLTOOL_KBD_RULE='%.kbd:       %.kbd.in       $(INTLTOOL_MERGE) $(wildcard $(top_srcdir)/po/*.po) ; $(INTLTOOL_V_MERGE)LC_ALL=C $(INTLTOOL_MERGE) $(INTLTOOL_V_MERGE_OPTIONS) -x -u -m -c $(top_builddir)/po/.intltool-merge-cache $(top_srcdir)/po $< $@'
INTLTOOL_KEYS_RULE='%.keys:      %.keys.in      $(INTLTOOL_MERGE) $(wildcard $(top_srcdir)/po/*.po) ; $(INTLTOOL_V_MERGE)LC_ALL=C $(INTLTOOL_MERGE) $(INTLTOOL_V_MERGE_OPTIONS) -k -u -c $(top_builddir)/po/.intltool-merge-cache $(top_srcdir)/po $< $@'
INTLTOOL_MERGE='/usr/bin/intltool-merge'
INTLTOOL_OAF_RULE='%.oaf:       %.oaf.in       $(INTLTOOL_MERGE) $(wildcard $(top_srcdir)/po/*.po) ; $(INTLTOOL_V_MERGE)LC_ALL=C $(INTLTOOL_MERGE) $(INTLTOOL_V_MERGE_OPTIONS) -o -p $(top_srcdir)/po $< $@'
INTLTOOL_PERL='/usr/bin/perl'
INTLTOOL_POLICY_RULE='%.policy:    %.policy.in    $(INTLTOOL_MERGE) $(wildcard $(top_srcdir)/po/*.po) ; $(INTLTOOL_V_MERGE)LC_ALL=C $(INTLTOOL_MERGE) $(INTLTOOL_V_MERGE_OPTIONS) -x -u -c $(top_builddir)/po/.intltool-merge-cache $(top_srcdir)/po $< $@'
INTLTOOL_PONG_RULE='%.pong:      %.pong.in      $(INTLTOOL_MERGE) $(wildcard $(top_srcdir)/po/*.po) ; $(INTLTOOL_V_MERGE)LC_ALL=C $(INTLTOOL_MERGE) $(INTLTOOL_V_MERGE_OPTIONS) -x -u -c $(top_builddir)/po/.intltool-merge-cache $(top_srcdir)/po $< $@'
INTLTOOL_PROP_RULE='%.prop:      %.prop.in      $(INTLTOOL_MERGE) $(wildcard $(top_srcdir)/po/*.po) ; $(INTLTOOL_V_MERGE)LC_ALL=C $(INTLTOOL_MERGE) $(INTLTOOL_V_MERGE_OPTIONS) -d -u -c $(top_builddir)/po/.intltool-merge-cache $(top_srcdir)/po $< $@'
INTLTOOL_SCHEMAS_RULE='%.schemas:   %.schemas.in   $(INTLTOOL_MERGE) $(wildcard $(top_srcdir)/po/*.po) ; $(INTLTOOL_V_MERGE)LC_ALL=C $(INTLTOOL_MERGE) $(INTLTOOL_V_MERGE_OPTIONS) -s -u -c $(top_builddir)/po/.intltool-merge-cache $(top_srcdir)/po $< $@'
INTLTOOL_SERVER_RULE='%.server:    %.server.in    $(INTLTOOL_MERGE) $(wildcard $(top_srcdir)/po/*.po) ; $(INTLTOOL_V_MERGE)LC_ALL=C $(INTLTOOL_MERGE) $(INTLTOOL_V_MERGE_OPTIONS) -o -u -c $(top_builddir)/po/.intltool-merge-cache $(top_srcdir)/po $< $@'
INTLTOOL_SERVICE_RULE='%.service: %.service.in   $(INTLTOOL_MERGE) $(wildcard $(top_srcdir)/po/*.po) ; $(INTLTOOL_V_MERGE)LC_ALL=C $(INTLTOOL_MERGE) $(INTLTOOL_V_MERGE_OPTIONS) -d -u -c $(top_builddir)/po/.intltool-merge-cache $(top_srcdir)/po $< $@'
INTLTOOL_SHEET_RULE='%.sheet:     %.sheet.in     $(INTLTOOL_MERGE) $(wildcard $(top_srcdir)/po/*.po) ; $(INTLTOOL_V_MERGE)LC_ALL=C $(INTLTOOL_MERGE) $(INTLTOOL_V_MERGE_OPTIONS) -x -u -c $(top_builddir)/po/.intltool-merge-cache $(top_srcdir)/po $< $@'
INTLTOOL_SOUNDLIST_RULE='%.soundlist: %.soundlist.in $(INTLTOOL_MERGE) $(wildcard $(top_srcdir)/po/*.po) ; $(INTLTOOL_V_MERGE)LC_ALL=C $(INTLTOOL_MERGE) $(INTLTOOL_V_MERGE_OPTIONS) -d -u -c $(top_builddir)/po/.intltool-merge-cache $(top_srcdir)/po $< $@'
INTLTOOL_THEME_RULE='%.theme:     %.theme.in     $(INTLTOOL_MERGE) $(wildcard $(top_srcdir)/po/*.po) ; $(INTLTOOL_V_MERGE)LC_ALL=C $(INTLTOOL_MERGE) $(INTLTOOL_V_MERGE_OPTIONS) -d -u -c $(top_builddir)/po/.intltool-merge-cache $(top_srcdir)/po $< $@'
INTLTOOL_UI_RULE='%.ui:        %.ui.in        $(INTLTOOL_MERGE) $(wildcard $(top_srcdir)/po/*.po) ; $(INTLTOOL_V_MERGE)LC_ALL=C $(INTLTOOL_MERGE) $(INTLTOOL_V_MERGE_OPTIONS) -x -u -c $(top_builddir)/po/.intltool-merge-cache $(top_srcdir)/po $< $@'
INTLTOOL_UPDATE='/usr/bin/intltool-update'
INTLTOOL_V_MERGE='$(INTLTOOL__v_MERGE_$(V))'
INTLTOOL_V_MERGE_OPTIONS='$(intltool__v_merge_options_$(V))'
INTLTOOL_XAM_RULE='%.xam:       %.xml.in       $(INTLTOOL_MERGE) $(wildcard $(top_srcdir)/po/*.po) ; $(INTLTOOL_V_MERGE)LC_ALL=C $(INTLTOOL_MERGE) $(INTLTOOL_V_MERGE_OPTIONS) -x -u -c $(top_builddir)/po/.intltool-merge-cache $(top_srcdir)/po $< $@'
INTLTOOL_XML_NOMERGE_RULE='%.xml:       %.xml.in       $(INTLTOOL_MERGE) ; $(INTLTOOL_V_MERGE)LC_ALL=C $(INTLTOOL_MERGE) $(INTLTOOL_V_MERGE_OPTIONS) -x -u --no-translations $< $@'
INTLTOOL_XML_RULE='%.xml:       %.xml.in       $(INTLTOOL_MERGE) $(wildcard $(top_srcdir)/po/*.po) ; $(INTLTOOL_V_MERGE)LC_ALL=C $(INTLTOOL_MERGE) $(INTLTOOL_V_MERGE_OPTIONS) -x -u -c $(top_builddir)/po/.intltool-merge-cache $(top_srcdir)/po $< $@'
INTLTOOL__v_MERGE_0='@echo "  ITMRG " $@;'
INTLTOOL__v_MERGE_='$(INTLTOOL__v_MERGE_$(AM_DEFAULT_VERBOSITY))'
LDFLAGS=''
LIBOBJS=''
LIBS=''
LTLIBOBJS=''
MAKEINFO='${SHELL} /home/phongvcao/dingo/missing --run makeinfo'
MKDIR_P='/bin/mkdir -p'
MKINSTALLDIRS='./mkinstalldirs'
MSGFMT='/usr/bin/msgfmt'
MSGFMT_OPTS='-c'
MSGMERGE='/usr/bin/msgmerge'
OBJEXT='o'
PACKAGE='dingo'
PACKAGE_BUGREPORT='http://dingo-project.org/contribute/file-bugs'
PACKAGE_NAME='dingo'
PACKAGE_STRING='dingo 0.5.1'
PACKAGE_TARNAME='dingo'
PACKAGE_URL=''
PACKAGE_VERSION='0.5.1'
PATH_SEPARATOR=':'
PKG_CONFIG='/usr/bin/pkg-config'
PKG_CONFIG_LIBDIR=''
PKG_CONFIG_PATH=''
POFILES=''
POSUB='po'
PO_IN_DATADIR_FALSE=''
PO_IN_DATADIR_TRUE=''
SET_MAKE=''
SHELL='/bin/bash'
STRIP=''
USE_NLS='yes'
VERSION='0.5.1'
XGETTEXT='/usr/bin/xgettext'
ac_ct_CC='gcc'
ac_ct_CXX='g++'
am__EXEEXT_FALSE=''
am__EXEEXT_TRUE='#'
am__fastdepCC_FALSE='#'
am__fastdepCC_TRUE=''
am__fastdepCXX_FALSE='#'
am__fastdepCXX_TRUE=''
am__include='include'
am__isrc=''
am__leading_dot='.'
am__nodep='_no'
am__quote=''
am__tar='$${TAR-tar} chof - "$$tardir"'
am__untar='$${TAR-tar} xf -'
bindir='${exec_prefix}/bin'
build_alias=''
datadir='${datarootdir}'
datarootdir='${prefix}/share'
docdir='${datarootdir}/doc/${PACKAGE_TARNAME}'
dvidir='${docdir}'
exec_prefix='${prefix}'
host_alias=''
htmldir='${docdir}'
includedir='${prefix}/include'
infodir='${datarootdir}/info'
install_sh='${SHELL} /home/phongvcao/dingo/install-sh'
intltool__v_merge_options_0='-q'
intltool__v_merge_options_='$(intltool__v_merge_options_$(AM_DEFAULT_VERBOSITY))'
libdir='${exec_prefix}/lib'
libexecdir='${exec_prefix}/libexec'
localedir='${datarootdir}/locale'
localstatedir='${prefix}/var'
mandir='${datarootdir}/man'
mkdir_p='/bin/mkdir -p'
oldincludedir='/usr/include'
pdfdir='${docdir}'
prefix='/usr/local'
program_transform_name='s,x,x,'
psdir='${docdir}'
sbindir='${exec_prefix}/sbin'
sharedstatedir='${prefix}/com'
sysconfdir='${prefix}/etc'
target_alias=''

## ----------- ##
## confdefs.h. ##
## ----------- ##

/* confdefs.h */
#define PACKAGE_NAME "dingo"
#define PACKAGE_TARNAME "dingo"
#define PACKAGE_VERSION "0.5.1"
#define PACKAGE_STRING "dingo 0.5.1"
#define PACKAGE_BUGREPORT "http://dingo-project.org/contribute/file-bugs"
#define PACKAGE_URL ""
#define PACKAGE "dingo"
#define VERSION "0.5.1"
#define GETTEXT_PACKAGE "dingo"
#define HAVE_BOOST /**/
#define STDC_HEADERS 1
#define HAVE_SYS_TYPES_H 1
#define HAVE_SYS_STAT_H 1
#define HAVE_STDLIB_H 1
#define HAVE_STRING_H 1
#define HAVE_MEMORY_H 1
#define HAVE_STRINGS_H 1
#define HAVE_INTTYPES_H 1
#define HAVE_STDINT_H 1
#define HAVE_UNISTD_H 1
#define HAVE_LOCALE_H 1
#define HAVE_LC_MESSAGES 1
#define HAVE_BIND_TEXTDOMAIN_CODESET 1
#define HAVE_GETTEXT 1
#define HAVE_DCGETTEXT 1
#define ENABLE_NLS 1
#define HAVE_STDIO_H 1
#define HAVE_STDLIB_H 1
#define HAVE_CTYPE_H 1
#define HAVE_STDINT_H 1
#define HAVE_SQLITE3_H 1
#define HAVE_MEDIAINFO_MEDIAINFO_H 1
#define HAVE_LIBINTL_H 1
#define HAVE_BOOST_PROGRAM_OPTIONS_HPP 1

configure: exit 0

## ---------------------- ##
## Running config.status. ##
## ---------------------- ##

This file was extended by dingo config.status 0.5.1, which was
generated by GNU Autoconf 2.69.  Invocation command line was

  CONFIG_FILES    = 
  CONFIG_HEADERS  = 
  CONFIG_LINKS    = 
  CONFIG_COMMANDS = 
  $ ./config.status config.h

on phongvcao-N53SV

config.status:981: creating config.h
config.status:1162: config.h is unchanged
